<?xml version="1.0" encoding="UTF-8"?>
<!-- Generated by org.testng.reporters.JUnitXMLReporter -->
<testsuite ignored="0" hostname="DESKTOP-554G7MR" failures="2" tests="2" name="Test" time="44.353" errors="0" timestamp="2022-08-14T17:25:12 IST">
  <testcase classname="com.edusoln.runner.TestRunner" name="testcase" time="6.707">
    <failure type="java.lang.AssertionError" message="All soft assert executed
	expected [Dashboard1] but found [Dashboard]">
      <![CDATA[java.lang.AssertionError: All soft assert executed
expected [Dashboard1] but found [Dashboard]
at com.edusoln.runner.TestRunner.testcase(TestRunner.java:68)
at java.base/java.util.ArrayList.forEach(ArrayList.java:1511)
... Removed 28 stack frames]]>
    </failure>
  </testcase> <!-- testcase -->
  <testcase classname="com.edusoln.runner.TestRunner" name="testcase" time="12.673">
    <failure type="java.lang.AssertionError" message="All soft assert executed
	expected [Dashboard1] but found [Dashboard],
	expected [Dashboard1] but found [Dashboard]">
      <![CDATA[java.lang.AssertionError: All soft assert executed
expected [Dashboard1] but found [Dashboard],
expected [Dashboard1] but found [Dashboard]
at com.edusoln.runner.TestRunner.testcase(TestRunner.java:68)
at java.base/java.util.ArrayList.forEach(ArrayList.java:1511)
... Removed 28 stack frames]]>
    </failure>
  </testcase> <!-- testcase -->
</testsuite> <!-- Test -->
